# JRE version: Java(TM) SE Runtime Environment (8.0_231-b11) (build 1.8.0_231-b11)
# Java VM: Java HotSpot(TM) 64-Bit Server VM (25.231-b11 mixed mode windows-amd64 compressed oops)
Heap:
 PSYoungGen      total 263168K, used 112094K [0x00000000daf00000, 0x00000000ec200000, 0x0000000100000000)
  eden space 248832K, 45% used [0x00000000daf00000,0x00000000e1c77bb0,0x00000000ea200000)
  from space 14336K, 0% used [0x00000000eb400000,0x00000000eb400000,0x00000000ec200000)
  to   space 16384K, 0% used [0x00000000ea200000,0x00000000ea200000,0x00000000eb200000)
 ParOldGen       total 103424K, used 24083K [0x0000000090c00000, 0x0000000097100000, 0x00000000daf00000)
  object space 103424K, 23% used [0x0000000090c00000,0x0000000092384cb0,0x0000000097100000)
 Metaspace       used 61381K, capacity 65168K, committed 65408K, reserved 1105920K
  class space    used 8661K, capacity 9273K, committed 9344K, reserved 1048576K
GC Heap History (10 events):
Event: 4.290 GC heap before
{Heap before GC invocations=11 (full 2):
 PSYoungGen      total 164352K, used 10262K [0x00000000daf00000, 0x00000000e9380000, 0x0000000100000000)
  eden space 152576K, 0% used [0x00000000daf00000,0x00000000daf00000,0x00000000e4400000)
  from space 11776K, 87% used [0x00000000e4400000,0x00000000e4e05a70,0x00000000e4f80000)
  to   space 12800K, 0% used [0x00000000e8700000,0x00000000e8700000,0x00000000e9380000)
 ParOldGen       total 48640K, used 8494K [0x0000000090c00000, 0x0000000093b80000, 0x00000000daf00000)
  object space 48640K, 17% used [0x0000000090c00000,0x000000009144b960,0x0000000093b80000)
 Metaspace       used 33478K, capacity 35312K, committed 35416K, reserved 1079296K
  class space    used 4687K, capacity 5032K, committed 5120K, reserved 1048576K
Event: 4.351 GC heap after
Heap after GC invocations=11 (full 2):
 PSYoungGen      total 164352K, used 0K [0x00000000daf00000, 0x00000000e9380000, 0x0000000100000000)
  eden space 152576K, 0% used [0x00000000daf00000,0x00000000daf00000,0x00000000e4400000)
  from space 11776K, 0% used [0x00000000e4400000,0x00000000e4400000,0x00000000e4f80000)
  to   space 12800K, 0% used [0x00000000e8700000,0x00000000e8700000,0x00000000e9380000)
 ParOldGen       total 74240K, used 15511K [0x0000000090c00000, 0x0000000095480000, 0x00000000daf00000)
  object space 74240K, 20% used [0x0000000090c00000,0x0000000091b25e60,0x0000000095480000)
 Metaspace       used 33478K, capacity 35312K, committed 35416K, reserved 1079296K
  class space    used 4687K, capacity 5032K, committed 5120K, reserved 1048576K
}
Event: 6.839 GC heap before
{Heap before GC invocations=12 (full 2):
 PSYoungGen      total 164352K, used 152576K [0x00000000daf00000, 0x00000000e9380000, 0x0000000100000000)
  eden space 152576K, 100% used [0x00000000daf00000,0x00000000e4400000,0x00000000e4400000)
  from space 11776K, 0% used [0x00000000e4400000,0x00000000e4400000,0x00000000e4f80000)
  to   space 12800K, 0% used [0x00000000e8700000,0x00000000e8700000,0x00000000e9380000)
 ParOldGen       total 74240K, used 15511K [0x0000000090c00000, 0x0000000095480000, 0x00000000daf00000)
  object space 74240K, 20% used [0x0000000090c00000,0x0000000091b25e60,0x0000000095480000)
 Metaspace       used 46785K, capacity 48988K, committed 49024K, reserved 1091584K
  class space    used 6633K, capacity 7036K, committed 7040K, reserved 1048576K
Event: 6.856 GC heap after
Heap after GC invocations=12 (full 2):
 PSYoungGen      total 209920K, used 12794K [0x00000000daf00000, 0x00000000e9380000, 0x0000000100000000)
  eden space 197120K, 0% used [0x00000000daf00000,0x00000000daf00000,0x00000000e6f80000)
  from space 12800K, 99% used [0x00000000e8700000,0x00000000e937e970,0x00000000e9380000)
  to   space 15872K, 0% used [0x00000000e7480000,0x00000000e7480000,0x00000000e8400000)
 ParOldGen       total 74240K, used 19151K [0x0000000090c00000, 0x0000000095480000, 0x00000000daf00000)
  object space 74240K, 25% used [0x0000000090c00000,0x0000000091eb3f10,0x0000000095480000)
 Metaspace       used 46785K, capacity 48988K, committed 49024K, reserved 1091584K
  class space    used 6633K, capacity 7036K, committed 7040K, reserved 1048576K
}
Event: 8.895 GC heap before
{Heap before GC invocations=13 (full 2):
 PSYoungGen      total 209920K, used 209914K [0x00000000daf00000, 0x00000000e9380000, 0x0000000100000000)
  eden space 197120K, 100% used [0x00000000daf00000,0x00000000e6f80000,0x00000000e6f80000)
  from space 12800K, 99% used [0x00000000e8700000,0x00000000e937e970,0x00000000e9380000)
  to   space 15872K, 0% used [0x00000000e7480000,0x00000000e7480000,0x00000000e8400000)
 ParOldGen       total 74240K, used 19151K [0x0000000090c00000, 0x0000000095480000, 0x00000000daf00000)
  object space 74240K, 25% used [0x0000000090c00000,0x0000000091eb3f10,0x0000000095480000)
 Metaspace       used 54991K, capacity 58364K, committed 58624K, reserved 1099776K
  class space    used 7846K, capacity 8425K, committed 8448K, reserved 1048576K
Event: 8.916 GC heap after
Heap after GC invocations=13 (full 2):
 PSYoungGen      total 218112K, used 13308K [0x00000000daf00000, 0x00000000ec480000, 0x0000000100000000)
  eden space 202240K, 0% used [0x00000000daf00000,0x00000000daf00000,0x00000000e7480000)
  from space 15872K, 83% used [0x00000000e7480000,0x00000000e817f1f0,0x00000000e8400000)
  to   space 16896K, 0% used [0x00000000eb400000,0x00000000eb400000,0x00000000ec480000)
 ParOldGen       total 74240K, used 25328K [0x0000000090c00000, 0x0000000095480000, 0x00000000daf00000)
  object space 74240K, 34% used [0x0000000090c00000,0x00000000924bc180,0x0000000095480000)
 Metaspace       used 54991K, capacity 58364K, committed 58624K, reserved 1099776K
  class space    used 7846K, capacity 8425K, committed 8448K, reserved 1048576K
}
Event: 137.586 GC heap before
{Heap before GC invocations=14 (full 2):
 PSYoungGen      total 218112K, used 34014K [0x00000000daf00000, 0x00000000ec480000, 0x0000000100000000)
  eden space 202240K, 10% used [0x00000000daf00000,0x00000000dc3389b8,0x00000000e7480000)
  from space 15872K, 83% used [0x00000000e7480000,0x00000000e817f1f0,0x00000000e8400000)
  to   space 16896K, 0% used [0x00000000eb400000,0x00000000eb400000,0x00000000ec480000)
 ParOldGen       total 74240K, used 25328K [0x0000000090c00000, 0x0000000095480000, 0x00000000daf00000)
  object space 74240K, 34% used [0x0000000090c00000,0x00000000924bc180,0x0000000095480000)
 Metaspace       used 55533K, capacity 58886K, committed 59008K, reserved 1099776K
  class space    used 7911K, capacity 8464K, committed 8576K, reserved 1048576K
Event: 137.594 GC heap after
Heap after GC invocations=14 (full 2):
 PSYoungGen      total 263168K, used 7682K [0x00000000daf00000, 0x00000000ec200000, 0x0000000100000000)
  eden space 248832K, 0% used [0x00000000daf00000,0x00000000daf00000,0x00000000ea200000)
  from space 14336K, 53% used [0x00000000eb400000,0x00000000ebb808d0,0x00000000ec200000)
  to   space 16384K, 0% used [0x00000000ea200000,0x00000000ea200000,0x00000000eb200000)
 ParOldGen       total 74240K, used 25336K [0x0000000090c00000, 0x0000000095480000, 0x00000000daf00000)
  object space 74240K, 34% used [0x0000000090c00000,0x00000000924be180,0x0000000095480000)
 Metaspace       used 55533K, capacity 58886K, committed 59008K, reserved 1099776K
  class space    used 7911K, capacity 8464K, committed 8576K, reserved 1048576K
}
Event: 137.594 GC heap before
{Heap before GC invocations=15 (full 3):
 PSYoungGen      total 263168K, used 7682K [0x00000000daf00000, 0x00000000ec200000, 0x0000000100000000)
  eden space 248832K, 0% used [0x00000000daf00000,0x00000000daf00000,0x00000000ea200000)
  from space 14336K, 53% used [0x00000000eb400000,0x00000000ebb808d0,0x00000000ec200000)
  to   space 16384K, 0% used [0x00000000ea200000,0x00000000ea200000,0x00000000eb200000)
 ParOldGen       total 74240K, used 25336K [0x0000000090c00000, 0x0000000095480000, 0x00000000daf00000)
  object space 74240K, 34% used [0x0000000090c00000,0x00000000924be180,0x0000000095480000)
 Metaspace       used 55533K, capacity 58886K, committed 59008K, reserved 1099776K
  class space    used 7911K, capacity 8464K, committed 8576K, reserved 1048576K
Event: 137.756 GC heap after
Heap after GC invocations=15 (full 3):
 PSYoungGen      total 263168K, used 0K [0x00000000daf00000, 0x00000000ec200000, 0x0000000100000000)
  eden space 248832K, 0% used [0x00000000daf00000,0x00000000daf00000,0x00000000ea200000)
  from space 14336K, 0% used [0x00000000eb400000,0x00000000eb400000,0x00000000ec200000)
  to   space 16384K, 0% used [0x00000000ea200000,0x00000000ea200000,0x00000000eb200000)
 ParOldGen       total 103424K, used 24083K [0x0000000090c00000, 0x0000000097100000, 0x00000000daf00000)
  object space 103424K, 23% used [0x0000000090c00000,0x0000000092384cb0,0x0000000097100000)
 Metaspace       used 55525K, capacity 58868K, committed 59008K, reserved 1099776K
  class space    used 7910K, capacity 8461K, committed 8576K, reserved 1048576K
}

