# JRE version: Java(TM) SE Runtime Environment (8.0_231-b11) (build 1.8.0_231-b11)
# Java VM: Java HotSpot(TM) 64-Bit Server VM (25.231-b11 mixed mode windows-amd64 compressed oops)
Heap:
 PSYoungGen      total 224256K, used 65125K [0x00000000daf00000, 0x00000000e9a80000, 0x0000000100000000)
  eden space 209408K, 31% used [0x00000000daf00000,0x00000000dee997c0,0x00000000e7b80000)
  from space 14848K, 0% used [0x00000000e8c00000,0x00000000e8c00000,0x00000000e9a80000)
  to   space 15872K, 0% used [0x00000000e7b80000,0x00000000e7b80000,0x00000000e8b00000)
 ParOldGen       total 116224K, used 24921K [0x0000000090c00000, 0x0000000097d80000, 0x00000000daf00000)
  object space 116224K, 21% used [0x0000000090c00000,0x0000000092456430,0x0000000097d80000)
 Metaspace       used 60695K, capacity 64378K, committed 64512K, reserved 1103872K
  class space    used 8554K, capacity 9160K, committed 9216K, reserved 1048576K
GC Heap History (10 events):
Event: 5.775 GC heap before
{Heap before GC invocations=11 (full 2):
 PSYoungGen      total 148992K, used 10307K [0x00000000daf00000, 0x00000000e7880000, 0x0000000100000000)
  eden space 137216K, 0% used [0x00000000daf00000,0x00000000daf00000,0x00000000e3500000)
  from space 11776K, 87% used [0x00000000e3500000,0x00000000e3f10fa0,0x00000000e4080000)
  to   space 12800K, 0% used [0x00000000e6c00000,0x00000000e6c00000,0x00000000e7880000)
 ParOldGen       total 51200K, used 8096K [0x0000000090c00000, 0x0000000093e00000, 0x00000000daf00000)
  object space 51200K, 15% used [0x0000000090c00000,0x00000000913e8308,0x0000000093e00000)
 Metaspace       used 33461K, capacity 35312K, committed 35416K, reserved 1079296K
  class space    used 4685K, capacity 5032K, committed 5120K, reserved 1048576K
Event: 5.853 GC heap after
Heap after GC invocations=11 (full 2):
 PSYoungGen      total 148992K, used 0K [0x00000000daf00000, 0x00000000e7880000, 0x0000000100000000)
  eden space 137216K, 0% used [0x00000000daf00000,0x00000000daf00000,0x00000000e3500000)
  from space 11776K, 0% used [0x00000000e3500000,0x00000000e3500000,0x00000000e4080000)
  to   space 12800K, 0% used [0x00000000e6c00000,0x00000000e6c00000,0x00000000e7880000)
 ParOldGen       total 82432K, used 15520K [0x0000000090c00000, 0x0000000095c80000, 0x00000000daf00000)
  object space 82432K, 18% used [0x0000000090c00000,0x0000000091b28348,0x0000000095c80000)
 Metaspace       used 33461K, capacity 35312K, committed 35416K, reserved 1079296K
  class space    used 4685K, capacity 5032K, committed 5120K, reserved 1048576K
}
Event: 8.576 GC heap before
{Heap before GC invocations=12 (full 2):
 PSYoungGen      total 148992K, used 137216K [0x00000000daf00000, 0x00000000e7880000, 0x0000000100000000)
  eden space 137216K, 100% used [0x00000000daf00000,0x00000000e3500000,0x00000000e3500000)
  from space 11776K, 0% used [0x00000000e3500000,0x00000000e3500000,0x00000000e4080000)
  to   space 12800K, 0% used [0x00000000e6c00000,0x00000000e6c00000,0x00000000e7880000)
 ParOldGen       total 82432K, used 15520K [0x0000000090c00000, 0x0000000095c80000, 0x00000000daf00000)
  object space 82432K, 18% used [0x0000000090c00000,0x0000000091b28348,0x0000000095c80000)
 Metaspace       used 45792K, capacity 47936K, committed 48256K, reserved 1091584K
  class space    used 6506K, capacity 6922K, committed 7040K, reserved 1048576K
Event: 8.594 GC heap after
Heap after GC invocations=12 (full 2):
 PSYoungGen      total 183296K, used 12796K [0x00000000daf00000, 0x00000000e7880000, 0x0000000100000000)
  eden space 170496K, 0% used [0x00000000daf00000,0x00000000daf00000,0x00000000e5580000)
  from space 12800K, 99% used [0x00000000e6c00000,0x00000000e787f1a8,0x00000000e7880000)
  to   space 15360K, 0% used [0x00000000e5a80000,0x00000000e5a80000,0x00000000e6980000)
 ParOldGen       total 82432K, used 17850K [0x0000000090c00000, 0x0000000095c80000, 0x00000000daf00000)
  object space 82432K, 21% used [0x0000000090c00000,0x0000000091d6e890,0x0000000095c80000)
 Metaspace       used 45792K, capacity 47936K, committed 48256K, reserved 1091584K
  class space    used 6506K, capacity 6922K, committed 7040K, reserved 1048576K
}
Event: 10.316 GC heap before
{Heap before GC invocations=13 (full 2):
 PSYoungGen      total 183296K, used 183292K [0x00000000daf00000, 0x00000000e7880000, 0x0000000100000000)
  eden space 170496K, 100% used [0x00000000daf00000,0x00000000e5580000,0x00000000e5580000)
  from space 12800K, 99% used [0x00000000e6c00000,0x00000000e787f1a8,0x00000000e7880000)
  to   space 15360K, 0% used [0x00000000e5a80000,0x00000000e5a80000,0x00000000e6980000)
 ParOldGen       total 82432K, used 17850K [0x0000000090c00000, 0x0000000095c80000, 0x00000000daf00000)
  object space 82432K, 21% used [0x0000000090c00000,0x0000000091d6e890,0x0000000095c80000)
 Metaspace       used 53438K, capacity 56534K, committed 56832K, reserved 1097728K
  class space    used 7587K, capacity 8114K, committed 8192K, reserved 1048576K
Event: 10.333 GC heap after
Heap after GC invocations=13 (full 2):
 PSYoungGen      total 190976K, used 12554K [0x00000000daf00000, 0x00000000e9c00000, 0x0000000100000000)
  eden space 175616K, 0% used [0x00000000daf00000,0x00000000daf00000,0x00000000e5a80000)
  from space 15360K, 81% used [0x00000000e5a80000,0x00000000e66c28d8,0x00000000e6980000)
  to   space 16384K, 0% used [0x00000000e8c00000,0x00000000e8c00000,0x00000000e9c00000)
 ParOldGen       total 82432K, used 23385K [0x0000000090c00000, 0x0000000095c80000, 0x00000000daf00000)
  object space 82432K, 28% used [0x0000000090c00000,0x00000000922d6738,0x0000000095c80000)
 Metaspace       used 53438K, capacity 56534K, committed 56832K, reserved 1097728K
  class space    used 7587K, capacity 8114K, committed 8192K, reserved 1048576K
}
Event: 99.412 GC heap before
{Heap before GC invocations=14 (full 2):
 PSYoungGen      total 190976K, used 66755K [0x00000000daf00000, 0x00000000e9c00000, 0x0000000100000000)
  eden space 175616K, 30% used [0x00000000daf00000,0x00000000de3ee3c8,0x00000000e5a80000)
  from space 15360K, 81% used [0x00000000e5a80000,0x00000000e66c28d8,0x00000000e6980000)
  to   space 16384K, 0% used [0x00000000e8c00000,0x00000000e8c00000,0x00000000e9c00000)
 ParOldGen       total 82432K, used 23385K [0x0000000090c00000, 0x0000000095c80000, 0x00000000daf00000)
  object space 82432K, 28% used [0x0000000090c00000,0x00000000922d6738,0x0000000095c80000)
 Metaspace       used 55495K, capacity 58876K, committed 59008K, reserved 1099776K
  class space    used 7898K, capacity 8461K, committed 8576K, reserved 1048576K
Event: 99.424 GC heap after
Heap after GC invocations=14 (full 2):
 PSYoungGen      total 224256K, used 9160K [0x00000000daf00000, 0x00000000e9a80000, 0x0000000100000000)
  eden space 209408K, 0% used [0x00000000daf00000,0x00000000daf00000,0x00000000e7b80000)
  from space 14848K, 61% used [0x00000000e8c00000,0x00000000e94f21f0,0x00000000e9a80000)
  to   space 15872K, 0% used [0x00000000e7b80000,0x00000000e7b80000,0x00000000e8b00000)
 ParOldGen       total 82432K, used 23393K [0x0000000090c00000, 0x0000000095c80000, 0x00000000daf00000)
  object space 82432K, 28% used [0x0000000090c00000,0x00000000922d8738,0x0000000095c80000)
 Metaspace       used 55495K, capacity 58876K, committed 59008K, reserved 1099776K
  class space    used 7898K, capacity 8461K, committed 8576K, reserved 1048576K
}
Event: 99.424 GC heap before
{Heap before GC invocations=15 (full 3):
 PSYoungGen      total 224256K, used 9160K [0x00000000daf00000, 0x00000000e9a80000, 0x0000000100000000)
  eden space 209408K, 0% used [0x00000000daf00000,0x00000000daf00000,0x00000000e7b80000)
  from space 14848K, 61% used [0x00000000e8c00000,0x00000000e94f21f0,0x00000000e9a80000)
  to   space 15872K, 0% used [0x00000000e7b80000,0x00000000e7b80000,0x00000000e8b00000)
 ParOldGen       total 82432K, used 23393K [0x0000000090c00000, 0x0000000095c80000, 0x00000000daf00000)
  object space 82432K, 28% used [0x0000000090c00000,0x00000000922d8738,0x0000000095c80000)
 Metaspace       used 55495K, capacity 58876K, committed 59008K, reserved 1099776K
  class space    used 7898K, capacity 8461K, committed 8576K, reserved 1048576K
Event: 99.579 GC heap after
Heap after GC invocations=15 (full 3):
 PSYoungGen      total 224256K, used 0K [0x00000000daf00000, 0x00000000e9a80000, 0x0000000100000000)
  eden space 209408K, 0% used [0x00000000daf00000,0x00000000daf00000,0x00000000e7b80000)
  from space 14848K, 0% used [0x00000000e8c00000,0x00000000e8c00000,0x00000000e9a80000)
  to   space 15872K, 0% used [0x00000000e7b80000,0x00000000e7b80000,0x00000000e8b00000)
 ParOldGen       total 116224K, used 24921K [0x0000000090c00000, 0x0000000097d80000, 0x00000000daf00000)
  object space 116224K, 21% used [0x0000000090c00000,0x0000000092456430,0x0000000097d80000)
 Metaspace       used 55495K, capacity 58876K, committed 59008K, reserved 1099776K
  class space    used 7898K, capacity 8461K, committed 8576K, reserved 1048576K
}

